

[30m▩[0m[30m▩[0m[30m▩[0m[30m▩[0m[30m▩[0m[30m▩[0m[30m▩[0m
[30m▩[0m[30m▩[0m[30m▩[0m[30m▩[0m[30m▩[0m[30m▩[0m[30m▩[0m
[30m▩[0m[30m▩[0m[30m▩[0m[30m▩[0m[30m▩[0m[30m▩[0m[30m▩[0m
[30m▩[0m[30m▩[0m[30m▩[0m[30m▩[0m[30m▩[0m[30m▩[0m[30m▩[0m
[30m▩[0m[30m▩[0m[30m▩[0m[30m▩[0m[30m▩[0m[30m▩[0m[30m▩[0m

1) Set Area
2) Make Default Grid
3) Count Types
4) Set Type Color
5) Merge Nebula into Star
6) Blackhole Gravitational Pull
0) Quit

Choice:> [34;1m3[0m
 Empty: 35
Planets: 0
Stars: 0
Nebulas: 0
Black Holes: 0

[30m▩[0m[30m▩[0m[30m▩[0m[30m▩[0m[30m▩[0m[30m▩[0m[30m▩[0m
[30m▩[0m[30m▩[0m[30m▩[0m[30m▩[0m[30m▩[0m[30m▩[0m[30m▩[0m
[30m▩[0m[30m▩[0m[30m▩[0m[30m▩[0m[30m▩[0m[30m▩[0m[30m▩[0m
[30m▩[0m[30m▩[0m[30m▩[0m[30m▩[0m[30m▩[0m[30m▩[0m[30m▩[0m
[30m▩[0m[30m▩[0m[30m▩[0m[30m▩[0m[30m▩[0m[30m▩[0m[30m▩[0m

1) Set Area
2) Make Default Grid
3) Count Types
4) Set Type Color
5) Merge Nebula into Star
6) Blackhole Gravitational Pull
0) Quit

Choice:> [34;1m2[0m
 
[30m★[0m[30m▩[0m[30m⛆[0m[30m⦾[0m[30m▩[0m[30m▩[0m[30m▩[0m
[30m▩[0m[30m⛆[0m[30m★[0m[30m⦾[0m[30m★[0m[30m▩[0m[30m★[0m
[30m⦾[0m[30m▩[0m[30m⯄[0m[30m★[0m[30m⦾[0m[30m▩[0m[30m⯄[0m
[30m⦾[0m[30m★[0m[30m⛆[0m[30m★[0m[30m⛆[0m[30m▩[0m[30m⯄[0m
[30m⯄[0m[30m★[0m[30m⛆[0m[30m▩[0m[30m★[0m[30m▩[0m[30m▩[0m

1) Set Area
2) Make Default Grid
3) Count Types
4) Set Type Color
5) Merge Nebula into Star
6) Blackhole Gravitational Pull
0) Quit

Choice:> [34;1m3[0m
 Empty: 12
Planets: 5
Stars: 9
Nebulas: 5
Black Holes: 4

[30m★[0m[30m▩[0m[30m⛆[0m[30m⦾[0m[30m▩[0m[30m▩[0m[30m▩[0m
[30m▩[0m[30m⛆[0m[30m★[0m[30m⦾[0m[30m★[0m[30m▩[0m[30m★[0m
[30m⦾[0m[30m▩[0m[30m⯄[0m[30m★[0m[30m⦾[0m[30m▩[0m[30m⯄[0m
[30m⦾[0m[30m★[0m[30m⛆[0m[30m★[0m[30m⛆[0m[30m▩[0m[30m⯄[0m
[30m⯄[0m[30m★[0m[30m⛆[0m[30m▩[0m[30m★[0m[30m▩[0m[30m▩[0m

1) Set Area
2) Make Default Grid
3) Count Types
4) Set Type Color
5) Merge Nebula into Star
6) Blackhole Gravitational Pull
0) Quit

Choice:> [34;1m1[0m
 Input area type 0) Empty 1) Planet 2) Star 3) Nebula 4) Black Hole:> [34;1m1[0m
 Input location (x y):> [34;1m1 1[0m
 
[30m★[0m[30m▩[0m[30m⛆[0m[30m⦾[0m[30m▩[0m[30m▩[0m[30m▩[0m
[30m▩[0m[30m⦾[0m[30m★[0m[30m⦾[0m[30m★[0m[30m▩[0m[30m★[0m
[30m⦾[0m[30m▩[0m[30m⯄[0m[30m★[0m[30m⦾[0m[30m▩[0m[30m⯄[0m
[30m⦾[0m[30m★[0m[30m⛆[0m[30m★[0m[30m⛆[0m[30m▩[0m[30m⯄[0m
[30m⯄[0m[30m★[0m[30m⛆[0m[30m▩[0m[30m★[0m[30m▩[0m[30m▩[0m

1) Set Area
2) Make Default Grid
3) Count Types
4) Set Type Color
5) Merge Nebula into Star
6) Blackhole Gravitational Pull
0) Quit

Choice:> [34;1m3[0m
 Empty: 12
Planets: 6
Stars: 9
Nebulas: 4
Black Holes: 4

[30m★[0m[30m▩[0m[30m⛆[0m[30m⦾[0m[30m▩[0m[30m▩[0m[30m▩[0m
[30m▩[0m[30m⦾[0m[30m★[0m[30m⦾[0m[30m★[0m[30m▩[0m[30m★[0m
[30m⦾[0m[30m▩[0m[30m⯄[0m[30m★[0m[30m⦾[0m[30m▩[0m[30m⯄[0m
[30m⦾[0m[30m★[0m[30m⛆[0m[30m★[0m[30m⛆[0m[30m▩[0m[30m⯄[0m
[30m⯄[0m[30m★[0m[30m⛆[0m[30m▩[0m[30m★[0m[30m▩[0m[30m▩[0m

1) Set Area
2) Make Default Grid
3) Count Types
4) Set Type Color
5) Merge Nebula into Star
6) Blackhole Gravitational Pull
0) Quit

Choice:> [34;1m1[0m
 Input area type 0) Empty 1) Planet 2) Star 3) Nebula 4) Black Hole:> [34;1m2[0m
 Input location (x y):> [34;1m0 0[0m
 
[30m★[0m[30m▩[0m[30m⛆[0m[30m⦾[0m[30m▩[0m[30m▩[0m[30m▩[0m
[30m▩[0m[30m⦾[0m[30m★[0m[30m⦾[0m[30m★[0m[30m▩[0m[30m★[0m
[30m⦾[0m[30m▩[0m[30m⯄[0m[30m★[0m[30m⦾[0m[30m▩[0m[30m⯄[0m
[30m⦾[0m[30m★[0m[30m⛆[0m[30m★[0m[30m⛆[0m[30m▩[0m[30m⯄[0m
[30m⯄[0m[30m★[0m[30m⛆[0m[30m▩[0m[30m★[0m[30m▩[0m[30m▩[0m

1) Set Area
2) Make Default Grid
3) Count Types
4) Set Type Color
5) Merge Nebula into Star
6) Blackhole Gravitational Pull
0) Quit

Choice:> [34;1m1[0m
 Input area type 0) Empty 1) Planet 2) Star 3) Nebula 4) Black Hole:> [34;1m2[0m
 Input location (x y):> [34;1m2 2[0m
 
[30m★[0m[30m▩[0m[30m⛆[0m[30m⦾[0m[30m▩[0m[30m▩[0m[30m▩[0m
[30m▩[0m[30m⦾[0m[30m★[0m[30m⦾[0m[30m★[0m[30m▩[0m[30m★[0m
[30m⦾[0m[30m▩[0m[30m★[0m[30m★[0m[30m⦾[0m[30m▩[0m[30m⯄[0m
[30m⦾[0m[30m★[0m[30m⛆[0m[30m★[0m[30m⛆[0m[30m▩[0m[30m⯄[0m
[30m⯄[0m[30m★[0m[30m⛆[0m[30m▩[0m[30m★[0m[30m▩[0m[30m▩[0m

1) Set Area
2) Make Default Grid
3) Count Types
4) Set Type Color
5) Merge Nebula into Star
6) Blackhole Gravitational Pull
0) Quit

Choice:> [34;1m1[0m
 Input area type 0) Empty 1) Planet 2) Star 3) Nebula 4) Black Hole:> [34;1m2[0m
 Input location (x y):> [34;1m0 1[0m
 
[30m★[0m[30m▩[0m[30m⛆[0m[30m⦾[0m[30m▩[0m[30m▩[0m[30m▩[0m
[30m★[0m[30m⦾[0m[30m★[0m[30m⦾[0m[30m★[0m[30m▩[0m[30m★[0m
[30m⦾[0m[30m▩[0m[30m★[0m[30m★[0m[30m⦾[0m[30m▩[0m[30m⯄[0m
[30m⦾[0m[30m★[0m[30m⛆[0m[30m★[0m[30m⛆[0m[30m▩[0m[30m⯄[0m
[30m⯄[0m[30m★[0m[30m⛆[0m[30m▩[0m[30m★[0m[30m▩[0m[30m▩[0m

1) Set Area
2) Make Default Grid
3) Count Types
4) Set Type Color
5) Merge Nebula into Star
6) Blackhole Gravitational Pull
0) Quit

Choice:> [34;1m1[0m
 Input area type 0) Empty 1) Planet 2) Star 3) Nebula 4) Black Hole:> [34;1m2[0m
 Input location (x y):> [34;1m1 0[0m
 
[30m★[0m[30m★[0m[30m⛆[0m[30m⦾[0m[30m▩[0m[30m▩[0m[30m▩[0m
[30m★[0m[30m⦾[0m[30m★[0m[30m⦾[0m[30m★[0m[30m▩[0m[30m★[0m
[30m⦾[0m[30m▩[0m[30m★[0m[30m★[0m[30m⦾[0m[30m▩[0m[30m⯄[0m
[30m⦾[0m[30m★[0m[30m⛆[0m[30m★[0m[30m⛆[0m[30m▩[0m[30m⯄[0m
[30m⯄[0m[30m★[0m[30m⛆[0m[30m▩[0m[30m★[0m[30m▩[0m[30m▩[0m

1) Set Area
2) Make Default Grid
3) Count Types
4) Set Type Color
5) Merge Nebula into Star
6) Blackhole Gravitational Pull
0) Quit

Choice:> [34;1m1[0m
 Input area type 0) Empty 1) Planet 2) Star 3) Nebula 4) Black Hole:> [34;1m2[0m
 Input location (x y):> [34;1m2 4[0m
 
[30m★[0m[30m★[0m[30m⛆[0m[30m⦾[0m[30m▩[0m[30m▩[0m[30m▩[0m
[30m★[0m[30m⦾[0m[30m★[0m[30m⦾[0m[30m★[0m[30m▩[0m[30m★[0m
[30m⦾[0m[30m▩[0m[30m★[0m[30m★[0m[30m⦾[0m[30m▩[0m[30m⯄[0m
[30m⦾[0m[30m★[0m[30m⛆[0m[30m★[0m[30m⛆[0m[30m▩[0m[30m⯄[0m
[30m⯄[0m[30m★[0m[30m★[0m[30m▩[0m[30m★[0m[30m▩[0m[30m▩[0m

1) Set Area
2) Make Default Grid
3) Count Types
4) Set Type Color
5) Merge Nebula into Star
6) Blackhole Gravitational Pull
0) Quit

Choice:> [34;1m3[0m
 Empty: 10
Planets: 6
Stars: 13
Nebulas: 3
Black Holes: 3

[30m★[0m[30m★[0m[30m⛆[0m[30m⦾[0m[30m▩[0m[30m▩[0m[30m▩[0m
[30m★[0m[30m⦾[0m[30m★[0m[30m⦾[0m[30m★[0m[30m▩[0m[30m★[0m
[30m⦾[0m[30m▩[0m[30m★[0m[30m★[0m[30m⦾[0m[30m▩[0m[30m⯄[0m
[30m⦾[0m[30m★[0m[30m⛆[0m[30m★[0m[30m⛆[0m[30m▩[0m[30m⯄[0m
[30m⯄[0m[30m★[0m[30m★[0m[30m▩[0m[30m★[0m[30m▩[0m[30m▩[0m

1) Set Area
2) Make Default Grid
3) Count Types
4) Set Type Color
5) Merge Nebula into Star
6) Blackhole Gravitational Pull
0) Quit

Choice:> [34;1m0[0m
 
