

[30m▩[0m[30m▩[0m[30m▩[0m[30m▩[0m[30m▩[0m[30m▩[0m[30m▩[0m
[30m▩[0m[30m▩[0m[30m▩[0m[30m▩[0m[30m▩[0m[30m▩[0m[30m▩[0m
[30m▩[0m[30m▩[0m[30m▩[0m[30m▩[0m[30m▩[0m[30m▩[0m[30m▩[0m
[30m▩[0m[30m▩[0m[30m▩[0m[30m▩[0m[30m▩[0m[30m▩[0m[30m▩[0m
[30m▩[0m[30m▩[0m[30m▩[0m[30m▩[0m[30m▩[0m[30m▩[0m[30m▩[0m

1) Set Area
2) Make Default Grid
3) Count Types
4) Set Type Color
5) Merge Nebula into Star
6) Blackhole Gravitational Pull
0) Quit

Choice:> [34;1m2[0m
 
[30m★[0m[30m▩[0m[30m⛆[0m[30m⦾[0m[30m▩[0m[30m▩[0m[30m▩[0m
[30m▩[0m[30m⛆[0m[30m★[0m[30m⦾[0m[30m★[0m[30m▩[0m[30m★[0m
[30m⦾[0m[30m▩[0m[30m⯄[0m[30m★[0m[30m⦾[0m[30m▩[0m[30m⯄[0m
[30m⦾[0m[30m★[0m[30m⛆[0m[30m★[0m[30m⛆[0m[30m▩[0m[30m⯄[0m
[30m⯄[0m[30m★[0m[30m⛆[0m[30m▩[0m[30m★[0m[30m▩[0m[30m▩[0m

1) Set Area
2) Make Default Grid
3) Count Types
4) Set Type Color
5) Merge Nebula into Star
6) Blackhole Gravitational Pull
0) Quit

Choice:> [34;1m4[0m
 Input area type 0) empty 1) pullable 2) black hole:> [34;1m0[0m
 Input color 0) red 1) yellow 2) blue 3) green 4) black:> [34;1m0[0m
 
[30m★[0m[31m▩[0m[30m⛆[0m[30m⦾[0m[31m▩[0m[31m▩[0m[31m▩[0m
[31m▩[0m[30m⛆[0m[30m★[0m[30m⦾[0m[30m★[0m[31m▩[0m[30m★[0m
[30m⦾[0m[31m▩[0m[30m⯄[0m[30m★[0m[30m⦾[0m[31m▩[0m[30m⯄[0m
[30m⦾[0m[30m★[0m[30m⛆[0m[30m★[0m[30m⛆[0m[31m▩[0m[30m⯄[0m
[30m⯄[0m[30m★[0m[30m⛆[0m[31m▩[0m[30m★[0m[31m▩[0m[31m▩[0m

1) Set Area
2) Make Default Grid
3) Count Types
4) Set Type Color
5) Merge Nebula into Star
6) Blackhole Gravitational Pull
0) Quit

Choice:> [34;1m4[0m
 Input area type 0) empty 1) pullable 2) black hole:> [34;1m0[0m
 Input color 0) red 1) yellow 2) blue 3) green 4) black:> [34;1m1[0m
 
[30m★[0m[33m▩[0m[30m⛆[0m[30m⦾[0m[33m▩[0m[33m▩[0m[33m▩[0m
[33m▩[0m[30m⛆[0m[30m★[0m[30m⦾[0m[30m★[0m[33m▩[0m[30m★[0m
[30m⦾[0m[33m▩[0m[30m⯄[0m[30m★[0m[30m⦾[0m[33m▩[0m[30m⯄[0m
[30m⦾[0m[30m★[0m[30m⛆[0m[30m★[0m[30m⛆[0m[33m▩[0m[30m⯄[0m
[30m⯄[0m[30m★[0m[30m⛆[0m[33m▩[0m[30m★[0m[33m▩[0m[33m▩[0m

1) Set Area
2) Make Default Grid
3) Count Types
4) Set Type Color
5) Merge Nebula into Star
6) Blackhole Gravitational Pull
0) Quit

Choice:> [34;1m4[0m
 Input area type 0) empty 1) pullable 2) black hole:> [34;1m0[0m
 Input color 0) red 1) yellow 2) blue 3) green 4) black:> [34;1m2[0m
 
[30m★[0m[34m▩[0m[30m⛆[0m[30m⦾[0m[34m▩[0m[34m▩[0m[34m▩[0m
[34m▩[0m[30m⛆[0m[30m★[0m[30m⦾[0m[30m★[0m[34m▩[0m[30m★[0m
[30m⦾[0m[34m▩[0m[30m⯄[0m[30m★[0m[30m⦾[0m[34m▩[0m[30m⯄[0m
[30m⦾[0m[30m★[0m[30m⛆[0m[30m★[0m[30m⛆[0m[34m▩[0m[30m⯄[0m
[30m⯄[0m[30m★[0m[30m⛆[0m[34m▩[0m[30m★[0m[34m▩[0m[34m▩[0m

1) Set Area
2) Make Default Grid
3) Count Types
4) Set Type Color
5) Merge Nebula into Star
6) Blackhole Gravitational Pull
0) Quit

Choice:> [34;1m4[0m
 Input area type 0) empty 1) pullable 2) black hole:> [34;1m0[0m
 Input color 0) red 1) yellow 2) blue 3) green 4) black:> [34;1m3[0m
 
[30m★[0m[32m▩[0m[30m⛆[0m[30m⦾[0m[32m▩[0m[32m▩[0m[32m▩[0m
[32m▩[0m[30m⛆[0m[30m★[0m[30m⦾[0m[30m★[0m[32m▩[0m[30m★[0m
[30m⦾[0m[32m▩[0m[30m⯄[0m[30m★[0m[30m⦾[0m[32m▩[0m[30m⯄[0m
[30m⦾[0m[30m★[0m[30m⛆[0m[30m★[0m[30m⛆[0m[32m▩[0m[30m⯄[0m
[30m⯄[0m[30m★[0m[30m⛆[0m[32m▩[0m[30m★[0m[32m▩[0m[32m▩[0m

1) Set Area
2) Make Default Grid
3) Count Types
4) Set Type Color
5) Merge Nebula into Star
6) Blackhole Gravitational Pull
0) Quit

Choice:> [34;1m4[0m
 Input area type 0) empty 1) pullable 2) black hole:> [34;1m0[0m
 Input color 0) red 1) yellow 2) blue 3) green 4) black:> [34;1m4[0m
 
[30m★[0m[30m▩[0m[30m⛆[0m[30m⦾[0m[30m▩[0m[30m▩[0m[30m▩[0m
[30m▩[0m[30m⛆[0m[30m★[0m[30m⦾[0m[30m★[0m[30m▩[0m[30m★[0m
[30m⦾[0m[30m▩[0m[30m⯄[0m[30m★[0m[30m⦾[0m[30m▩[0m[30m⯄[0m
[30m⦾[0m[30m★[0m[30m⛆[0m[30m★[0m[30m⛆[0m[30m▩[0m[30m⯄[0m
[30m⯄[0m[30m★[0m[30m⛆[0m[30m▩[0m[30m★[0m[30m▩[0m[30m▩[0m

1) Set Area
2) Make Default Grid
3) Count Types
4) Set Type Color
5) Merge Nebula into Star
6) Blackhole Gravitational Pull
0) Quit

Choice:> [34;1m4[0m
 Input area type 0) empty 1) pullable 2) black hole:> [34;1m1[0m
 Input color 0) red 1) yellow 2) blue 3) green 4) black:> [34;1m0[0m
 
[31m★[0m[30m▩[0m[31m⛆[0m[31m⦾[0m[30m▩[0m[30m▩[0m[30m▩[0m
[30m▩[0m[31m⛆[0m[31m★[0m[31m⦾[0m[31m★[0m[30m▩[0m[31m★[0m
[31m⦾[0m[30m▩[0m[30m⯄[0m[31m★[0m[31m⦾[0m[30m▩[0m[30m⯄[0m
[31m⦾[0m[31m★[0m[31m⛆[0m[31m★[0m[31m⛆[0m[30m▩[0m[30m⯄[0m
[30m⯄[0m[31m★[0m[31m⛆[0m[30m▩[0m[31m★[0m[30m▩[0m[30m▩[0m

1) Set Area
2) Make Default Grid
3) Count Types
4) Set Type Color
5) Merge Nebula into Star
6) Blackhole Gravitational Pull
0) Quit

Choice:> [34;1m4[0m
 Input area type 0) empty 1) pullable 2) black hole:> [34;1m1[0m
 Input color 0) red 1) yellow 2) blue 3) green 4) black:> [34;1m1[0m
 
[33m★[0m[30m▩[0m[33m⛆[0m[33m⦾[0m[30m▩[0m[30m▩[0m[30m▩[0m
[30m▩[0m[33m⛆[0m[33m★[0m[33m⦾[0m[33m★[0m[30m▩[0m[33m★[0m
[33m⦾[0m[30m▩[0m[30m⯄[0m[33m★[0m[33m⦾[0m[30m▩[0m[30m⯄[0m
[33m⦾[0m[33m★[0m[33m⛆[0m[33m★[0m[33m⛆[0m[30m▩[0m[30m⯄[0m
[30m⯄[0m[33m★[0m[33m⛆[0m[30m▩[0m[33m★[0m[30m▩[0m[30m▩[0m

1) Set Area
2) Make Default Grid
3) Count Types
4) Set Type Color
5) Merge Nebula into Star
6) Blackhole Gravitational Pull
0) Quit

Choice:> [34;1m4[0m
 Input area type 0) empty 1) pullable 2) black hole:> [34;1m1[0m
 Input color 0) red 1) yellow 2) blue 3) green 4) black:> [34;1m2[0m
 
[34m★[0m[30m▩[0m[34m⛆[0m[34m⦾[0m[30m▩[0m[30m▩[0m[30m▩[0m
[30m▩[0m[34m⛆[0m[34m★[0m[34m⦾[0m[34m★[0m[30m▩[0m[34m★[0m
[34m⦾[0m[30m▩[0m[30m⯄[0m[34m★[0m[34m⦾[0m[30m▩[0m[30m⯄[0m
[34m⦾[0m[34m★[0m[34m⛆[0m[34m★[0m[34m⛆[0m[30m▩[0m[30m⯄[0m
[30m⯄[0m[34m★[0m[34m⛆[0m[30m▩[0m[34m★[0m[30m▩[0m[30m▩[0m

1) Set Area
2) Make Default Grid
3) Count Types
4) Set Type Color
5) Merge Nebula into Star
6) Blackhole Gravitational Pull
0) Quit

Choice:> [34;1m4[0m
 Input area type 0) empty 1) pullable 2) black hole:> [34;1m1[0m
 Input color 0) red 1) yellow 2) blue 3) green 4) black:> [34;1m3[0m
 
[32m★[0m[30m▩[0m[32m⛆[0m[32m⦾[0m[30m▩[0m[30m▩[0m[30m▩[0m
[30m▩[0m[32m⛆[0m[32m★[0m[32m⦾[0m[32m★[0m[30m▩[0m[32m★[0m
[32m⦾[0m[30m▩[0m[30m⯄[0m[32m★[0m[32m⦾[0m[30m▩[0m[30m⯄[0m
[32m⦾[0m[32m★[0m[32m⛆[0m[32m★[0m[32m⛆[0m[30m▩[0m[30m⯄[0m
[30m⯄[0m[32m★[0m[32m⛆[0m[30m▩[0m[32m★[0m[30m▩[0m[30m▩[0m

1) Set Area
2) Make Default Grid
3) Count Types
4) Set Type Color
5) Merge Nebula into Star
6) Blackhole Gravitational Pull
0) Quit

Choice:> [34;1m4[0m
 Input area type 0) empty 1) pullable 2) black hole:> [34;1m1[0m
 Input color 0) red 1) yellow 2) blue 3) green 4) black:> [34;1m4[0m
 
[30m★[0m[30m▩[0m[30m⛆[0m[30m⦾[0m[30m▩[0m[30m▩[0m[30m▩[0m
[30m▩[0m[30m⛆[0m[30m★[0m[30m⦾[0m[30m★[0m[30m▩[0m[30m★[0m
[30m⦾[0m[30m▩[0m[30m⯄[0m[30m★[0m[30m⦾[0m[30m▩[0m[30m⯄[0m
[30m⦾[0m[30m★[0m[30m⛆[0m[30m★[0m[30m⛆[0m[30m▩[0m[30m⯄[0m
[30m⯄[0m[30m★[0m[30m⛆[0m[30m▩[0m[30m★[0m[30m▩[0m[30m▩[0m

1) Set Area
2) Make Default Grid
3) Count Types
4) Set Type Color
5) Merge Nebula into Star
6) Blackhole Gravitational Pull
0) Quit

Choice:> [34;1m4[0m
 Input area type 0) empty 1) pullable 2) black hole:> [34;1m2[0m
 Input color 0) red 1) yellow 2) blue 3) green 4) black:> [34;1m0[0m
 
[30m★[0m[30m▩[0m[30m⛆[0m[30m⦾[0m[30m▩[0m[30m▩[0m[30m▩[0m
[30m▩[0m[30m⛆[0m[30m★[0m[30m⦾[0m[30m★[0m[30m▩[0m[30m★[0m
[30m⦾[0m[30m▩[0m[31m⯄[0m[30m★[0m[30m⦾[0m[30m▩[0m[31m⯄[0m
[30m⦾[0m[30m★[0m[30m⛆[0m[30m★[0m[30m⛆[0m[30m▩[0m[31m⯄[0m
[31m⯄[0m[30m★[0m[30m⛆[0m[30m▩[0m[30m★[0m[30m▩[0m[30m▩[0m

1) Set Area
2) Make Default Grid
3) Count Types
4) Set Type Color
5) Merge Nebula into Star
6) Blackhole Gravitational Pull
0) Quit

Choice:> [34;1m4[0m
 Input area type 0) empty 1) pullable 2) black hole:> [34;1m2[0m
 Input color 0) red 1) yellow 2) blue 3) green 4) black:> [34;1m1[0m
 
[30m★[0m[30m▩[0m[30m⛆[0m[30m⦾[0m[30m▩[0m[30m▩[0m[30m▩[0m
[30m▩[0m[30m⛆[0m[30m★[0m[30m⦾[0m[30m★[0m[30m▩[0m[30m★[0m
[30m⦾[0m[30m▩[0m[33m⯄[0m[30m★[0m[30m⦾[0m[30m▩[0m[33m⯄[0m
[30m⦾[0m[30m★[0m[30m⛆[0m[30m★[0m[30m⛆[0m[30m▩[0m[33m⯄[0m
[33m⯄[0m[30m★[0m[30m⛆[0m[30m▩[0m[30m★[0m[30m▩[0m[30m▩[0m

1) Set Area
2) Make Default Grid
3) Count Types
4) Set Type Color
5) Merge Nebula into Star
6) Blackhole Gravitational Pull
0) Quit

Choice:> [34;1m4[0m
 Input area type 0) empty 1) pullable 2) black hole:> [34;1m2[0m
 Input color 0) red 1) yellow 2) blue 3) green 4) black:> [34;1m2[0m
 
[30m★[0m[30m▩[0m[30m⛆[0m[30m⦾[0m[30m▩[0m[30m▩[0m[30m▩[0m
[30m▩[0m[30m⛆[0m[30m★[0m[30m⦾[0m[30m★[0m[30m▩[0m[30m★[0m
[30m⦾[0m[30m▩[0m[34m⯄[0m[30m★[0m[30m⦾[0m[30m▩[0m[34m⯄[0m
[30m⦾[0m[30m★[0m[30m⛆[0m[30m★[0m[30m⛆[0m[30m▩[0m[34m⯄[0m
[34m⯄[0m[30m★[0m[30m⛆[0m[30m▩[0m[30m★[0m[30m▩[0m[30m▩[0m

1) Set Area
2) Make Default Grid
3) Count Types
4) Set Type Color
5) Merge Nebula into Star
6) Blackhole Gravitational Pull
0) Quit

Choice:> [34;1m4[0m
 Input area type 0) empty 1) pullable 2) black hole:> [34;1m2[0m
 Input color 0) red 1) yellow 2) blue 3) green 4) black:> [34;1m3[0m
 
[30m★[0m[30m▩[0m[30m⛆[0m[30m⦾[0m[30m▩[0m[30m▩[0m[30m▩[0m
[30m▩[0m[30m⛆[0m[30m★[0m[30m⦾[0m[30m★[0m[30m▩[0m[30m★[0m
[30m⦾[0m[30m▩[0m[32m⯄[0m[30m★[0m[30m⦾[0m[30m▩[0m[32m⯄[0m
[30m⦾[0m[30m★[0m[30m⛆[0m[30m★[0m[30m⛆[0m[30m▩[0m[32m⯄[0m
[32m⯄[0m[30m★[0m[30m⛆[0m[30m▩[0m[30m★[0m[30m▩[0m[30m▩[0m

1) Set Area
2) Make Default Grid
3) Count Types
4) Set Type Color
5) Merge Nebula into Star
6) Blackhole Gravitational Pull
0) Quit

Choice:> [34;1m4[0m
 Input area type 0) empty 1) pullable 2) black hole:> [34;1m2[0m
 Input color 0) red 1) yellow 2) blue 3) green 4) black:> [34;1m4[0m
 
[30m★[0m[30m▩[0m[30m⛆[0m[30m⦾[0m[30m▩[0m[30m▩[0m[30m▩[0m
[30m▩[0m[30m⛆[0m[30m★[0m[30m⦾[0m[30m★[0m[30m▩[0m[30m★[0m
[30m⦾[0m[30m▩[0m[30m⯄[0m[30m★[0m[30m⦾[0m[30m▩[0m[30m⯄[0m
[30m⦾[0m[30m★[0m[30m⛆[0m[30m★[0m[30m⛆[0m[30m▩[0m[30m⯄[0m
[30m⯄[0m[30m★[0m[30m⛆[0m[30m▩[0m[30m★[0m[30m▩[0m[30m▩[0m

1) Set Area
2) Make Default Grid
3) Count Types
4) Set Type Color
5) Merge Nebula into Star
6) Blackhole Gravitational Pull
0) Quit

Choice:> [34;1m2[0m
 
[30m★[0m[30m▩[0m[30m⛆[0m[30m⦾[0m[30m▩[0m[30m▩[0m[30m▩[0m
[30m▩[0m[30m⛆[0m[30m★[0m[30m⦾[0m[30m★[0m[30m▩[0m[30m★[0m
[30m⦾[0m[30m▩[0m[30m⯄[0m[30m★[0m[30m⦾[0m[30m▩[0m[30m⯄[0m
[30m⦾[0m[30m★[0m[30m⛆[0m[30m★[0m[30m⛆[0m[30m▩[0m[30m⯄[0m
[30m⯄[0m[30m★[0m[30m⛆[0m[30m▩[0m[30m★[0m[30m▩[0m[30m▩[0m

1) Set Area
2) Make Default Grid
3) Count Types
4) Set Type Color
5) Merge Nebula into Star
6) Blackhole Gravitational Pull
0) Quit

Choice:> [34;1m4[0m
 Input area type 0) empty 1) pullable 2) black hole:> [34;1m0[0m
 Input color 0) red 1) yellow 2) blue 3) green 4) black:> [34;1m0[0m
 
[30m★[0m[31m▩[0m[30m⛆[0m[30m⦾[0m[31m▩[0m[31m▩[0m[31m▩[0m
[31m▩[0m[30m⛆[0m[30m★[0m[30m⦾[0m[30m★[0m[31m▩[0m[30m★[0m
[30m⦾[0m[31m▩[0m[30m⯄[0m[30m★[0m[30m⦾[0m[31m▩[0m[30m⯄[0m
[30m⦾[0m[30m★[0m[30m⛆[0m[30m★[0m[30m⛆[0m[31m▩[0m[30m⯄[0m
[30m⯄[0m[30m★[0m[30m⛆[0m[31m▩[0m[30m★[0m[31m▩[0m[31m▩[0m

1) Set Area
2) Make Default Grid
3) Count Types
4) Set Type Color
5) Merge Nebula into Star
6) Blackhole Gravitational Pull
0) Quit

Choice:> [34;1m4[0m
 Input area type 0) empty 1) pullable 2) black hole:> [34;1m0[0m
 Input color 0) red 1) yellow 2) blue 3) green 4) black:> [34;1m1[0m
 
[30m★[0m[33m▩[0m[30m⛆[0m[30m⦾[0m[33m▩[0m[33m▩[0m[33m▩[0m
[33m▩[0m[30m⛆[0m[30m★[0m[30m⦾[0m[30m★[0m[33m▩[0m[30m★[0m
[30m⦾[0m[33m▩[0m[30m⯄[0m[30m★[0m[30m⦾[0m[33m▩[0m[30m⯄[0m
[30m⦾[0m[30m★[0m[30m⛆[0m[30m★[0m[30m⛆[0m[33m▩[0m[30m⯄[0m
[30m⯄[0m[30m★[0m[30m⛆[0m[33m▩[0m[30m★[0m[33m▩[0m[33m▩[0m

1) Set Area
2) Make Default Grid
3) Count Types
4) Set Type Color
5) Merge Nebula into Star
6) Blackhole Gravitational Pull
0) Quit

Choice:> [34;1m4[0m
 Input area type 0) empty 1) pullable 2) black hole:> [34;1m0[0m
 Input color 0) red 1) yellow 2) blue 3) green 4) black:> [34;1m2[0m
 
[30m★[0m[34m▩[0m[30m⛆[0m[30m⦾[0m[34m▩[0m[34m▩[0m[34m▩[0m
[34m▩[0m[30m⛆[0m[30m★[0m[30m⦾[0m[30m★[0m[34m▩[0m[30m★[0m
[30m⦾[0m[34m▩[0m[30m⯄[0m[30m★[0m[30m⦾[0m[34m▩[0m[30m⯄[0m
[30m⦾[0m[30m★[0m[30m⛆[0m[30m★[0m[30m⛆[0m[34m▩[0m[30m⯄[0m
[30m⯄[0m[30m★[0m[30m⛆[0m[34m▩[0m[30m★[0m[34m▩[0m[34m▩[0m

1) Set Area
2) Make Default Grid
3) Count Types
4) Set Type Color
5) Merge Nebula into Star
6) Blackhole Gravitational Pull
0) Quit

Choice:> [34;1m4[0m
 Input area type 0) empty 1) pullable 2) black hole:> [34;1m0[0m
 Input color 0) red 1) yellow 2) blue 3) green 4) black:> [34;1m3[0m
 
[30m★[0m[32m▩[0m[30m⛆[0m[30m⦾[0m[32m▩[0m[32m▩[0m[32m▩[0m
[32m▩[0m[30m⛆[0m[30m★[0m[30m⦾[0m[30m★[0m[32m▩[0m[30m★[0m
[30m⦾[0m[32m▩[0m[30m⯄[0m[30m★[0m[30m⦾[0m[32m▩[0m[30m⯄[0m
[30m⦾[0m[30m★[0m[30m⛆[0m[30m★[0m[30m⛆[0m[32m▩[0m[30m⯄[0m
[30m⯄[0m[30m★[0m[30m⛆[0m[32m▩[0m[30m★[0m[32m▩[0m[32m▩[0m

1) Set Area
2) Make Default Grid
3) Count Types
4) Set Type Color
5) Merge Nebula into Star
6) Blackhole Gravitational Pull
0) Quit

Choice:> [34;1m4[0m
 Input area type 0) empty 1) pullable 2) black hole:> [34;1m0[0m
 Input color 0) red 1) yellow 2) blue 3) green 4) black:> [34;1m4[0m
 
[30m★[0m[30m▩[0m[30m⛆[0m[30m⦾[0m[30m▩[0m[30m▩[0m[30m▩[0m
[30m▩[0m[30m⛆[0m[30m★[0m[30m⦾[0m[30m★[0m[30m▩[0m[30m★[0m
[30m⦾[0m[30m▩[0m[30m⯄[0m[30m★[0m[30m⦾[0m[30m▩[0m[30m⯄[0m
[30m⦾[0m[30m★[0m[30m⛆[0m[30m★[0m[30m⛆[0m[30m▩[0m[30m⯄[0m
[30m⯄[0m[30m★[0m[30m⛆[0m[30m▩[0m[30m★[0m[30m▩[0m[30m▩[0m

1) Set Area
2) Make Default Grid
3) Count Types
4) Set Type Color
5) Merge Nebula into Star
6) Blackhole Gravitational Pull
0) Quit

Choice:> [34;1m4[0m
 Input area type 0) empty 1) pullable 2) black hole:> [34;1m1[0m
 Input color 0) red 1) yellow 2) blue 3) green 4) black:> [34;1m0[0m
 
[31m★[0m[30m▩[0m[31m⛆[0m[31m⦾[0m[30m▩[0m[30m▩[0m[30m▩[0m
[30m▩[0m[31m⛆[0m[31m★[0m[31m⦾[0m[31m★[0m[30m▩[0m[31m★[0m
[31m⦾[0m[30m▩[0m[30m⯄[0m[31m★[0m[31m⦾[0m[30m▩[0m[30m⯄[0m
[31m⦾[0m[31m★[0m[31m⛆[0m[31m★[0m[31m⛆[0m[30m▩[0m[30m⯄[0m
[30m⯄[0m[31m★[0m[31m⛆[0m[30m▩[0m[31m★[0m[30m▩[0m[30m▩[0m

1) Set Area
2) Make Default Grid
3) Count Types
4) Set Type Color
5) Merge Nebula into Star
6) Blackhole Gravitational Pull
0) Quit

Choice:> [34;1m4[0m
 Input area type 0) empty 1) pullable 2) black hole:> [34;1m1[0m
 Input color 0) red 1) yellow 2) blue 3) green 4) black:> [34;1m1[0m
 
[33m★[0m[30m▩[0m[33m⛆[0m[33m⦾[0m[30m▩[0m[30m▩[0m[30m▩[0m
[30m▩[0m[33m⛆[0m[33m★[0m[33m⦾[0m[33m★[0m[30m▩[0m[33m★[0m
[33m⦾[0m[30m▩[0m[30m⯄[0m[33m★[0m[33m⦾[0m[30m▩[0m[30m⯄[0m
[33m⦾[0m[33m★[0m[33m⛆[0m[33m★[0m[33m⛆[0m[30m▩[0m[30m⯄[0m
[30m⯄[0m[33m★[0m[33m⛆[0m[30m▩[0m[33m★[0m[30m▩[0m[30m▩[0m

1) Set Area
2) Make Default Grid
3) Count Types
4) Set Type Color
5) Merge Nebula into Star
6) Blackhole Gravitational Pull
0) Quit

Choice:> [34;1m4[0m
 Input area type 0) empty 1) pullable 2) black hole:> [34;1m1[0m
 Input color 0) red 1) yellow 2) blue 3) green 4) black:> [34;1m2[0m
 
[34m★[0m[30m▩[0m[34m⛆[0m[34m⦾[0m[30m▩[0m[30m▩[0m[30m▩[0m
[30m▩[0m[34m⛆[0m[34m★[0m[34m⦾[0m[34m★[0m[30m▩[0m[34m★[0m
[34m⦾[0m[30m▩[0m[30m⯄[0m[34m★[0m[34m⦾[0m[30m▩[0m[30m⯄[0m
[34m⦾[0m[34m★[0m[34m⛆[0m[34m★[0m[34m⛆[0m[30m▩[0m[30m⯄[0m
[30m⯄[0m[34m★[0m[34m⛆[0m[30m▩[0m[34m★[0m[30m▩[0m[30m▩[0m

1) Set Area
2) Make Default Grid
3) Count Types
4) Set Type Color
5) Merge Nebula into Star
6) Blackhole Gravitational Pull
0) Quit

Choice:> [34;1m4[0m
 Input area type 0) empty 1) pullable 2) black hole:> [34;1m1[0m
 Input color 0) red 1) yellow 2) blue 3) green 4) black:> [34;1m3[0m
 
[32m★[0m[30m▩[0m[32m⛆[0m[32m⦾[0m[30m▩[0m[30m▩[0m[30m▩[0m
[30m▩[0m[32m⛆[0m[32m★[0m[32m⦾[0m[32m★[0m[30m▩[0m[32m★[0m
[32m⦾[0m[30m▩[0m[30m⯄[0m[32m★[0m[32m⦾[0m[30m▩[0m[30m⯄[0m
[32m⦾[0m[32m★[0m[32m⛆[0m[32m★[0m[32m⛆[0m[30m▩[0m[30m⯄[0m
[30m⯄[0m[32m★[0m[32m⛆[0m[30m▩[0m[32m★[0m[30m▩[0m[30m▩[0m

1) Set Area
2) Make Default Grid
3) Count Types
4) Set Type Color
5) Merge Nebula into Star
6) Blackhole Gravitational Pull
0) Quit

Choice:> [34;1m4[0m
 Input area type 0) empty 1) pullable 2) black hole:> [34;1m1[0m
 Input color 0) red 1) yellow 2) blue 3) green 4) black:> [34;1m4[0m
 
[30m★[0m[30m▩[0m[30m⛆[0m[30m⦾[0m[30m▩[0m[30m▩[0m[30m▩[0m
[30m▩[0m[30m⛆[0m[30m★[0m[30m⦾[0m[30m★[0m[30m▩[0m[30m★[0m
[30m⦾[0m[30m▩[0m[30m⯄[0m[30m★[0m[30m⦾[0m[30m▩[0m[30m⯄[0m
[30m⦾[0m[30m★[0m[30m⛆[0m[30m★[0m[30m⛆[0m[30m▩[0m[30m⯄[0m
[30m⯄[0m[30m★[0m[30m⛆[0m[30m▩[0m[30m★[0m[30m▩[0m[30m▩[0m

1) Set Area
2) Make Default Grid
3) Count Types
4) Set Type Color
5) Merge Nebula into Star
6) Blackhole Gravitational Pull
0) Quit

Choice:> [34;1m4[0m
 Input area type 0) empty 1) pullable 2) black hole:> [34;1m2[0m
 Input color 0) red 1) yellow 2) blue 3) green 4) black:> [34;1m0[0m
 
[30m★[0m[30m▩[0m[30m⛆[0m[30m⦾[0m[30m▩[0m[30m▩[0m[30m▩[0m
[30m▩[0m[30m⛆[0m[30m★[0m[30m⦾[0m[30m★[0m[30m▩[0m[30m★[0m
[30m⦾[0m[30m▩[0m[31m⯄[0m[30m★[0m[30m⦾[0m[30m▩[0m[31m⯄[0m
[30m⦾[0m[30m★[0m[30m⛆[0m[30m★[0m[30m⛆[0m[30m▩[0m[31m⯄[0m
[31m⯄[0m[30m★[0m[30m⛆[0m[30m▩[0m[30m★[0m[30m▩[0m[30m▩[0m

1) Set Area
2) Make Default Grid
3) Count Types
4) Set Type Color
5) Merge Nebula into Star
6) Blackhole Gravitational Pull
0) Quit

Choice:> [34;1m4[0m
 Input area type 0) empty 1) pullable 2) black hole:> [34;1m2[0m
 Input color 0) red 1) yellow 2) blue 3) green 4) black:> [34;1m1[0m
 
[30m★[0m[30m▩[0m[30m⛆[0m[30m⦾[0m[30m▩[0m[30m▩[0m[30m▩[0m
[30m▩[0m[30m⛆[0m[30m★[0m[30m⦾[0m[30m★[0m[30m▩[0m[30m★[0m
[30m⦾[0m[30m▩[0m[33m⯄[0m[30m★[0m[30m⦾[0m[30m▩[0m[33m⯄[0m
[30m⦾[0m[30m★[0m[30m⛆[0m[30m★[0m[30m⛆[0m[30m▩[0m[33m⯄[0m
[33m⯄[0m[30m★[0m[30m⛆[0m[30m▩[0m[30m★[0m[30m▩[0m[30m▩[0m

1) Set Area
2) Make Default Grid
3) Count Types
4) Set Type Color
5) Merge Nebula into Star
6) Blackhole Gravitational Pull
0) Quit

Choice:> [34;1m4[0m
 Input area type 0) empty 1) pullable 2) black hole:> [34;1m2[0m
 Input color 0) red 1) yellow 2) blue 3) green 4) black:> [34;1m2[0m
 
[30m★[0m[30m▩[0m[30m⛆[0m[30m⦾[0m[30m▩[0m[30m▩[0m[30m▩[0m
[30m▩[0m[30m⛆[0m[30m★[0m[30m⦾[0m[30m★[0m[30m▩[0m[30m★[0m
[30m⦾[0m[30m▩[0m[34m⯄[0m[30m★[0m[30m⦾[0m[30m▩[0m[34m⯄[0m
[30m⦾[0m[30m★[0m[30m⛆[0m[30m★[0m[30m⛆[0m[30m▩[0m[34m⯄[0m
[34m⯄[0m[30m★[0m[30m⛆[0m[30m▩[0m[30m★[0m[30m▩[0m[30m▩[0m

1) Set Area
2) Make Default Grid
3) Count Types
4) Set Type Color
5) Merge Nebula into Star
6) Blackhole Gravitational Pull
0) Quit

Choice:> [34;1m4[0m
 Input area type 0) empty 1) pullable 2) black hole:> [34;1m2[0m
 Input color 0) red 1) yellow 2) blue 3) green 4) black:> [34;1m3[0m
 
[30m★[0m[30m▩[0m[30m⛆[0m[30m⦾[0m[30m▩[0m[30m▩[0m[30m▩[0m
[30m▩[0m[30m⛆[0m[30m★[0m[30m⦾[0m[30m★[0m[30m▩[0m[30m★[0m
[30m⦾[0m[30m▩[0m[32m⯄[0m[30m★[0m[30m⦾[0m[30m▩[0m[32m⯄[0m
[30m⦾[0m[30m★[0m[30m⛆[0m[30m★[0m[30m⛆[0m[30m▩[0m[32m⯄[0m
[32m⯄[0m[30m★[0m[30m⛆[0m[30m▩[0m[30m★[0m[30m▩[0m[30m▩[0m

1) Set Area
2) Make Default Grid
3) Count Types
4) Set Type Color
5) Merge Nebula into Star
6) Blackhole Gravitational Pull
0) Quit

Choice:> [34;1m4[0m
 Input area type 0) empty 1) pullable 2) black hole:> [34;1m2[0m
 Input color 0) red 1) yellow 2) blue 3) green 4) black:> [34;1m4[0m
 
[30m★[0m[30m▩[0m[30m⛆[0m[30m⦾[0m[30m▩[0m[30m▩[0m[30m▩[0m
[30m▩[0m[30m⛆[0m[30m★[0m[30m⦾[0m[30m★[0m[30m▩[0m[30m★[0m
[30m⦾[0m[30m▩[0m[30m⯄[0m[30m★[0m[30m⦾[0m[30m▩[0m[30m⯄[0m
[30m⦾[0m[30m★[0m[30m⛆[0m[30m★[0m[30m⛆[0m[30m▩[0m[30m⯄[0m
[30m⯄[0m[30m★[0m[30m⛆[0m[30m▩[0m[30m★[0m[30m▩[0m[30m▩[0m

1) Set Area
2) Make Default Grid
3) Count Types
4) Set Type Color
5) Merge Nebula into Star
6) Blackhole Gravitational Pull
0) Quit

Choice:> [34;1m4[0m
 Input area type 0) empty 1) pullable 2) black hole:> [34;1m-1[0m
 Invalid selection option

[30m★[0m[30m▩[0m[30m⛆[0m[30m⦾[0m[30m▩[0m[30m▩[0m[30m▩[0m
[30m▩[0m[30m⛆[0m[30m★[0m[30m⦾[0m[30m★[0m[30m▩[0m[30m★[0m
[30m⦾[0m[30m▩[0m[30m⯄[0m[30m★[0m[30m⦾[0m[30m▩[0m[30m⯄[0m
[30m⦾[0m[30m★[0m[30m⛆[0m[30m★[0m[30m⛆[0m[30m▩[0m[30m⯄[0m
[30m⯄[0m[30m★[0m[30m⛆[0m[30m▩[0m[30m★[0m[30m▩[0m[30m▩[0m

1) Set Area
2) Make Default Grid
3) Count Types
4) Set Type Color
5) Merge Nebula into Star
6) Blackhole Gravitational Pull
0) Quit

Choice:> [34;1m4[0m
 Input area type 0) empty 1) pullable 2) black hole:> [34;1m3[0m
 Invalid selection option

[30m★[0m[30m▩[0m[30m⛆[0m[30m⦾[0m[30m▩[0m[30m▩[0m[30m▩[0m
[30m▩[0m[30m⛆[0m[30m★[0m[30m⦾[0m[30m★[0m[30m▩[0m[30m★[0m
[30m⦾[0m[30m▩[0m[30m⯄[0m[30m★[0m[30m⦾[0m[30m▩[0m[30m⯄[0m
[30m⦾[0m[30m★[0m[30m⛆[0m[30m★[0m[30m⛆[0m[30m▩[0m[30m⯄[0m
[30m⯄[0m[30m★[0m[30m⛆[0m[30m▩[0m[30m★[0m[30m▩[0m[30m▩[0m

1) Set Area
2) Make Default Grid
3) Count Types
4) Set Type Color
5) Merge Nebula into Star
6) Blackhole Gravitational Pull
0) Quit

Choice:> [34;1m4[0m
 Input area type 0) empty 1) pullable 2) black hole:> [34;1ma[0m
 Please input an integer

[30m★[0m[30m▩[0m[30m⛆[0m[30m⦾[0m[30m▩[0m[30m▩[0m[30m▩[0m
[30m▩[0m[30m⛆[0m[30m★[0m[30m⦾[0m[30m★[0m[30m▩[0m[30m★[0m
[30m⦾[0m[30m▩[0m[30m⯄[0m[30m★[0m[30m⦾[0m[30m▩[0m[30m⯄[0m
[30m⦾[0m[30m★[0m[30m⛆[0m[30m★[0m[30m⛆[0m[30m▩[0m[30m⯄[0m
[30m⯄[0m[30m★[0m[30m⛆[0m[30m▩[0m[30m★[0m[30m▩[0m[30m▩[0m

1) Set Area
2) Make Default Grid
3) Count Types
4) Set Type Color
5) Merge Nebula into Star
6) Blackhole Gravitational Pull
0) Quit

Choice:> [34;1m4[0m
 Input area type 0) empty 1) pullable 2) black hole:> [34;1m0[0m
 Input color 0) red 1) yellow 2) blue 3) green 4) black:> [34;1m-1[0m
 Invalid selection option

[30m★[0m[30m▩[0m[30m⛆[0m[30m⦾[0m[30m▩[0m[30m▩[0m[30m▩[0m
[30m▩[0m[30m⛆[0m[30m★[0m[30m⦾[0m[30m★[0m[30m▩[0m[30m★[0m
[30m⦾[0m[30m▩[0m[30m⯄[0m[30m★[0m[30m⦾[0m[30m▩[0m[30m⯄[0m
[30m⦾[0m[30m★[0m[30m⛆[0m[30m★[0m[30m⛆[0m[30m▩[0m[30m⯄[0m
[30m⯄[0m[30m★[0m[30m⛆[0m[30m▩[0m[30m★[0m[30m▩[0m[30m▩[0m

1) Set Area
2) Make Default Grid
3) Count Types
4) Set Type Color
5) Merge Nebula into Star
6) Blackhole Gravitational Pull
0) Quit

Choice:> [34;1m4[0m
 Input area type 0) empty 1) pullable 2) black hole:> [34;1m0[0m
 Input color 0) red 1) yellow 2) blue 3) green 4) black:> [34;1m5[0m
 Invalid selection option

[30m★[0m[30m▩[0m[30m⛆[0m[30m⦾[0m[30m▩[0m[30m▩[0m[30m▩[0m
[30m▩[0m[30m⛆[0m[30m★[0m[30m⦾[0m[30m★[0m[30m▩[0m[30m★[0m
[30m⦾[0m[30m▩[0m[30m⯄[0m[30m★[0m[30m⦾[0m[30m▩[0m[30m⯄[0m
[30m⦾[0m[30m★[0m[30m⛆[0m[30m★[0m[30m⛆[0m[30m▩[0m[30m⯄[0m
[30m⯄[0m[30m★[0m[30m⛆[0m[30m▩[0m[30m★[0m[30m▩[0m[30m▩[0m

1) Set Area
2) Make Default Grid
3) Count Types
4) Set Type Color
5) Merge Nebula into Star
6) Blackhole Gravitational Pull
0) Quit

Choice:> [34;1m4[0m
 Input area type 0) empty 1) pullable 2) black hole:> [34;1m0[0m
 Input color 0) red 1) yellow 2) blue 3) green 4) black:> [34;1ma[0m
 Please input an integer

[30m★[0m[30m▩[0m[30m⛆[0m[30m⦾[0m[30m▩[0m[30m▩[0m[30m▩[0m
[30m▩[0m[30m⛆[0m[30m★[0m[30m⦾[0m[30m★[0m[30m▩[0m[30m★[0m
[30m⦾[0m[30m▩[0m[30m⯄[0m[30m★[0m[30m⦾[0m[30m▩[0m[30m⯄[0m
[30m⦾[0m[30m★[0m[30m⛆[0m[30m★[0m[30m⛆[0m[30m▩[0m[30m⯄[0m
[30m⯄[0m[30m★[0m[30m⛆[0m[30m▩[0m[30m★[0m[30m▩[0m[30m▩[0m

1) Set Area
2) Make Default Grid
3) Count Types
4) Set Type Color
5) Merge Nebula into Star
6) Blackhole Gravitational Pull
0) Quit

Choice:> [34;1m0[0m
 
