
[30m▩[0m[30m▩[0m[30m▩[0m[30m▩[0m[30m▩[0m[30m▩[0m[30m▩[0m
[30m▩[0m[30m▩[0m[30m▩[0m[30m▩[0m[30m▩[0m[30m▩[0m[30m▩[0m
[30m▩[0m[30m▩[0m[30m▩[0m[30m▩[0m[30m▩[0m[30m▩[0m[30m▩[0m
[30m▩[0m[30m▩[0m[30m▩[0m[30m▩[0m[30m▩[0m[30m▩[0m[30m▩[0m
[30m▩[0m[30m▩[0m[30m▩[0m[30m▩[0m[30m▩[0m[30m▩[0m[30m▩[0m
1) Set Area
2) Make Default Grid
3) Count Types
4) Set Type Color
5) Merge Nebula into Star
6) Blackhole Gravitational Pull
0) Quit

Choice:> [34;1m-1[0m
 Unknown menu option
[30m▩[0m[30m▩[0m[30m▩[0m[30m▩[0m[30m▩[0m[30m▩[0m[30m▩[0m
[30m▩[0m[30m▩[0m[30m▩[0m[30m▩[0m[30m▩[0m[30m▩[0m[30m▩[0m
[30m▩[0m[30m▩[0m[30m▩[0m[30m▩[0m[30m▩[0m[30m▩[0m[30m▩[0m
[30m▩[0m[30m▩[0m[30m▩[0m[30m▩[0m[30m▩[0m[30m▩[0m[30m▩[0m
[30m▩[0m[30m▩[0m[30m▩[0m[30m▩[0m[30m▩[0m[30m▩[0m[30m▩[0m
1) Set Area
2) Make Default Grid
3) Count Types
4) Set Type Color
5) Merge Nebula into Star
6) Blackhole Gravitational Pull
0) Quit

Choice:> [34;1m7[0m
 Unknown menu option
[30m▩[0m[30m▩[0m[30m▩[0m[30m▩[0m[30m▩[0m[30m▩[0m[30m▩[0m
[30m▩[0m[30m▩[0m[30m▩[0m[30m▩[0m[30m▩[0m[30m▩[0m[30m▩[0m
[30m▩[0m[30m▩[0m[30m▩[0m[30m▩[0m[30m▩[0m[30m▩[0m[30m▩[0m
[30m▩[0m[30m▩[0m[30m▩[0m[30m▩[0m[30m▩[0m[30m▩[0m[30m▩[0m
[30m▩[0m[30m▩[0m[30m▩[0m[30m▩[0m[30m▩[0m[30m▩[0m[30m▩[0m
1) Set Area
2) Make Default Grid
3) Count Types
4) Set Type Color
5) Merge Nebula into Star
6) Blackhole Gravitational Pull
0) Quit

Choice:> [34;1mb[0m
 Please input an integer
[30m▩[0m[30m▩[0m[30m▩[0m[30m▩[0m[30m▩[0m[30m▩[0m[30m▩[0m
[30m▩[0m[30m▩[0m[30m▩[0m[30m▩[0m[30m▩[0m[30m▩[0m[30m▩[0m
[30m▩[0m[30m▩[0m[30m▩[0m[30m▩[0m[30m▩[0m[30m▩[0m[30m▩[0m
[30m▩[0m[30m▩[0m[30m▩[0m[30m▩[0m[30m▩[0m[30m▩[0m[30m▩[0m
[30m▩[0m[30m▩[0m[30m▩[0m[30m▩[0m[30m▩[0m[30m▩[0m[30m▩[0m
1) Set Area
2) Make Default Grid
3) Count Types
4) Set Type Color
5) Merge Nebula into Star
6) Blackhole Gravitational Pull
0) Quit

Choice:> [34;1m2.3[0m
 Please input an integer
[30m▩[0m[30m▩[0m[30m▩[0m[30m▩[0m[30m▩[0m[30m▩[0m[30m▩[0m
[30m▩[0m[30m▩[0m[30m▩[0m[30m▩[0m[30m▩[0m[30m▩[0m[30m▩[0m
[30m▩[0m[30m▩[0m[30m▩[0m[30m▩[0m[30m▩[0m[30m▩[0m[30m▩[0m
[30m▩[0m[30m▩[0m[30m▩[0m[30m▩[0m[30m▩[0m[30m▩[0m[30m▩[0m
[30m▩[0m[30m▩[0m[30m▩[0m[30m▩[0m[30m▩[0m[30m▩[0m[30m▩[0m
1) Set Area
2) Make Default Grid
3) Count Types
4) Set Type Color
5) Merge Nebula into Star
6) Blackhole Gravitational Pull
0) Quit

Choice:> [34;1m1[0m
 Input area type 0) Empty 1) Planet 2) Star 3) Nebula 4) Black Hole:> [34;1m-1[0m
 
Invalid selection option
[30m▩[0m[30m▩[0m[30m▩[0m[30m▩[0m[30m▩[0m[30m▩[0m[30m▩[0m
[30m▩[0m[30m▩[0m[30m▩[0m[30m▩[0m[30m▩[0m[30m▩[0m[30m▩[0m
[30m▩[0m[30m▩[0m[30m▩[0m[30m▩[0m[30m▩[0m[30m▩[0m[30m▩[0m
[30m▩[0m[30m▩[0m[30m▩[0m[30m▩[0m[30m▩[0m[30m▩[0m[30m▩[0m
[30m▩[0m[30m▩[0m[30m▩[0m[30m▩[0m[30m▩[0m[30m▩[0m[30m▩[0m
1) Set Area
2) Make Default Grid
3) Count Types
4) Set Type Color
5) Merge Nebula into Star
6) Blackhole Gravitational Pull
0) Quit

Choice:> [34;1m1[0m
 Input area type 0) Empty 1) Planet 2) Star 3) Nebula 4) Black Hole:> [34;1m5[0m
 
Invalid selection option
[30m▩[0m[30m▩[0m[30m▩[0m[30m▩[0m[30m▩[0m[30m▩[0m[30m▩[0m
[30m▩[0m[30m▩[0m[30m▩[0m[30m▩[0m[30m▩[0m[30m▩[0m[30m▩[0m
[30m▩[0m[30m▩[0m[30m▩[0m[30m▩[0m[30m▩[0m[30m▩[0m[30m▩[0m
[30m▩[0m[30m▩[0m[30m▩[0m[30m▩[0m[30m▩[0m[30m▩[0m[30m▩[0m
[30m▩[0m[30m▩[0m[30m▩[0m[30m▩[0m[30m▩[0m[30m▩[0m[30m▩[0m
1) Set Area
2) Make Default Grid
3) Count Types
4) Set Type Color
5) Merge Nebula into Star
6) Blackhole Gravitational Pull
0) Quit

Choice:> [34;1m1[0m
 Input area type 0) Empty 1) Planet 2) Star 3) Nebula 4) Black Hole:> [34;1ma[0m
 
Please input an integer
[30m▩[0m[30m▩[0m[30m▩[0m[30m▩[0m[30m▩[0m[30m▩[0m[30m▩[0m
[30m▩[0m[30m▩[0m[30m▩[0m[30m▩[0m[30m▩[0m[30m▩[0m[30m▩[0m
[30m▩[0m[30m▩[0m[30m▩[0m[30m▩[0m[30m▩[0m[30m▩[0m[30m▩[0m
[30m▩[0m[30m▩[0m[30m▩[0m[30m▩[0m[30m▩[0m[30m▩[0m[30m▩[0m
[30m▩[0m[30m▩[0m[30m▩[0m[30m▩[0m[30m▩[0m[30m▩[0m[30m▩[0m
1) Set Area
2) Make Default Grid
3) Count Types
4) Set Type Color
5) Merge Nebula into Star
6) Blackhole Gravitational Pull
0) Quit

Choice:> [34;1m1[0m
 Input area type 0) Empty 1) Planet 2) Star 3) Nebula 4) Black Hole:> [34;1m0[0m
 
Input location (x y):> [34;1mb[0m
 
Please input an integer
[30m▩[0m[30m▩[0m[30m▩[0m[30m▩[0m[30m▩[0m[30m▩[0m[30m▩[0m
[30m▩[0m[30m▩[0m[30m▩[0m[30m▩[0m[30m▩[0m[30m▩[0m[30m▩[0m
[30m▩[0m[30m▩[0m[30m▩[0m[30m▩[0m[30m▩[0m[30m▩[0m[30m▩[0m
[30m▩[0m[30m▩[0m[30m▩[0m[30m▩[0m[30m▩[0m[30m▩[0m[30m▩[0m
[30m▩[0m[30m▩[0m[30m▩[0m[30m▩[0m[30m▩[0m[30m▩[0m[30m▩[0m
1) Set Area
2) Make Default Grid
3) Count Types
4) Set Type Color
5) Merge Nebula into Star
6) Blackhole Gravitational Pull
0) Quit

Choice:> [34;1m1[0m
 Input area type 0) Empty 1) Planet 2) Star 3) Nebula 4) Black Hole:> [34;1m0[0m
 
Input location (x y):> [34;1m0 2.6[0m
 
Please input an integer
[30m▩[0m[30m▩[0m[30m▩[0m[30m▩[0m[30m▩[0m[30m▩[0m[30m▩[0m
[30m▩[0m[30m▩[0m[30m▩[0m[30m▩[0m[30m▩[0m[30m▩[0m[30m▩[0m
[30m▩[0m[30m▩[0m[30m▩[0m[30m▩[0m[30m▩[0m[30m▩[0m[30m▩[0m
[30m▩[0m[30m▩[0m[30m▩[0m[30m▩[0m[30m▩[0m[30m▩[0m[30m▩[0m
[30m▩[0m[30m▩[0m[30m▩[0m[30m▩[0m[30m▩[0m[30m▩[0m[30m▩[0m
1) Set Area
2) Make Default Grid
3) Count Types
4) Set Type Color
5) Merge Nebula into Star
6) Blackhole Gravitational Pull
0) Quit

Choice:> [34;1m1[0m
 Input area type 0) Empty 1) Planet 2) Star 3) Nebula 4) Black Hole:> [34;1m0[0m
 
Input location (x y):> [34;1m0 b[0m
 
Please input an integer
[30m▩[0m[30m▩[0m[30m▩[0m[30m▩[0m[30m▩[0m[30m▩[0m[30m▩[0m
[30m▩[0m[30m▩[0m[30m▩[0m[30m▩[0m[30m▩[0m[30m▩[0m[30m▩[0m
[30m▩[0m[30m▩[0m[30m▩[0m[30m▩[0m[30m▩[0m[30m▩[0m[30m▩[0m
[30m▩[0m[30m▩[0m[30m▩[0m[30m▩[0m[30m▩[0m[30m▩[0m[30m▩[0m
[30m▩[0m[30m▩[0m[30m▩[0m[30m▩[0m[30m▩[0m[30m▩[0m[30m▩[0m
1) Set Area
2) Make Default Grid
3) Count Types
4) Set Type Color
5) Merge Nebula into Star
6) Blackhole Gravitational Pull
0) Quit

Choice:> [34;1m1[0m
 Input area type 0) Empty 1) Planet 2) Star 3) Nebula 4) Black Hole:> [34;1m0[0m
 
Input location (x y):> [34;1m7 0[0m
 
Location is out of range
[30m▩[0m[30m▩[0m[30m▩[0m[30m▩[0m[30m▩[0m[30m▩[0m[30m▩[0m
[30m▩[0m[30m▩[0m[30m▩[0m[30m▩[0m[30m▩[0m[30m▩[0m[30m▩[0m
[30m▩[0m[30m▩[0m[30m▩[0m[30m▩[0m[30m▩[0m[30m▩[0m[30m▩[0m
[30m▩[0m[30m▩[0m[30m▩[0m[30m▩[0m[30m▩[0m[30m▩[0m[30m▩[0m
[30m▩[0m[30m▩[0m[30m▩[0m[30m▩[0m[30m▩[0m[30m▩[0m[30m▩[0m
1) Set Area
2) Make Default Grid
3) Count Types
4) Set Type Color
5) Merge Nebula into Star
6) Blackhole Gravitational Pull
0) Quit

Choice:> [34;1m1[0m
 Input area type 0) Empty 1) Planet 2) Star 3) Nebula 4) Black Hole:> [34;1m0[0m
 
Input location (x y):> [34;1m0 -1[0m
 
Location is out of range
[30m▩[0m[30m▩[0m[30m▩[0m[30m▩[0m[30m▩[0m[30m▩[0m[30m▩[0m
[30m▩[0m[30m▩[0m[30m▩[0m[30m▩[0m[30m▩[0m[30m▩[0m[30m▩[0m
[30m▩[0m[30m▩[0m[30m▩[0m[30m▩[0m[30m▩[0m[30m▩[0m[30m▩[0m
[30m▩[0m[30m▩[0m[30m▩[0m[30m▩[0m[30m▩[0m[30m▩[0m[30m▩[0m
[30m▩[0m[30m▩[0m[30m▩[0m[30m▩[0m[30m▩[0m[30m▩[0m[30m▩[0m
1) Set Area
2) Make Default Grid
3) Count Types
4) Set Type Color
5) Merge Nebula into Star
6) Blackhole Gravitational Pull
0) Quit

Choice:> [34;1m0[0m
 
