
[30m▩[0m[30m▩[0m[30m▩[0m[30m▩[0m[30m▩[0m[30m▩[0m[30m▩[0m
[30m▩[0m[30m▩[0m[30m▩[0m[30m▩[0m[30m▩[0m[30m▩[0m[30m▩[0m
[30m▩[0m[30m▩[0m[30m▩[0m[30m▩[0m[30m▩[0m[30m▩[0m[30m▩[0m
[30m▩[0m[30m▩[0m[30m▩[0m[30m▩[0m[30m▩[0m[30m▩[0m[30m▩[0m
[30m▩[0m[30m▩[0m[30m▩[0m[30m▩[0m[30m▩[0m[30m▩[0m[30m▩[0m
1) Set Area
2) Make Default Grid
3) Count Types
4) Set Type Color
5) Merge Nebula into Star
6) Blackhole Gravitational Pull
0) Quit

Choice:> Input area type 0) Empty 1) Planet 2) Star 3) Nebula 4) Black Hole:> 
Input location (x y):> 
[30m▩[0m[30m▩[0m[30m▩[0m[30m▩[0m[30m▩[0m[30m▩[0m[30m▩[0m
[30m▩[0m[30m⯄[0m[30m▩[0m[30m▩[0m[30m▩[0m[30m▩[0m[30m▩[0m
[30m▩[0m[30m▩[0m[30m▩[0m[30m▩[0m[30m▩[0m[30m▩[0m[30m▩[0m
[30m▩[0m[30m▩[0m[30m▩[0m[30m▩[0m[30m▩[0m[30m▩[0m[30m▩[0m
[30m▩[0m[30m▩[0m[30m▩[0m[30m▩[0m[30m▩[0m[30m▩[0m[30m▩[0m
1) Set Area
2) Make Default Grid
3) Count Types
4) Set Type Color
5) Merge Nebula into Star
6) Blackhole Gravitational Pull
0) Quit

Choice:> Input area type 0) Empty 1) Planet 2) Star 3) Nebula 4) Black Hole:> 
Input location (x y):> 
[30m⦾[0m[30m▩[0m[30m▩[0m[30m▩[0m[30m▩[0m[30m▩[0m[30m▩[0m
[30m▩[0m[30m⯄[0m[30m▩[0m[30m▩[0m[30m▩[0m[30m▩[0m[30m▩[0m
[30m▩[0m[30m▩[0m[30m▩[0m[30m▩[0m[30m▩[0m[30m▩[0m[30m▩[0m
[30m▩[0m[30m▩[0m[30m▩[0m[30m▩[0m[30m▩[0m[30m▩[0m[30m▩[0m
[30m▩[0m[30m▩[0m[30m▩[0m[30m▩[0m[30m▩[0m[30m▩[0m[30m▩[0m
1) Set Area
2) Make Default Grid
3) Count Types
4) Set Type Color
5) Merge Nebula into Star
6) Blackhole Gravitational Pull
0) Quit

Choice:> Input area type 0) Empty 1) Planet 2) Star 3) Nebula 4) Black Hole:> 
Input location (x y):> 
[30m⦾[0m[30m★[0m[30m▩[0m[30m▩[0m[30m▩[0m[30m▩[0m[30m▩[0m
[30m▩[0m[30m⯄[0m[30m▩[0m[30m▩[0m[30m▩[0m[30m▩[0m[30m▩[0m
[30m▩[0m[30m▩[0m[30m▩[0m[30m▩[0m[30m▩[0m[30m▩[0m[30m▩[0m
[30m▩[0m[30m▩[0m[30m▩[0m[30m▩[0m[30m▩[0m[30m▩[0m[30m▩[0m
[30m▩[0m[30m▩[0m[30m▩[0m[30m▩[0m[30m▩[0m[30m▩[0m[30m▩[0m
1) Set Area
2) Make Default Grid
3) Count Types
4) Set Type Color
5) Merge Nebula into Star
6) Blackhole Gravitational Pull
0) Quit

Choice:> Input area type 0) Empty 1) Planet 2) Star 3) Nebula 4) Black Hole:> 
Input location (x y):> 
[30m⦾[0m[30m★[0m[30m⛆[0m[30m▩[0m[30m▩[0m[30m▩[0m[30m▩[0m
[30m▩[0m[30m⯄[0m[30m▩[0m[30m▩[0m[30m▩[0m[30m▩[0m[30m▩[0m
[30m▩[0m[30m▩[0m[30m▩[0m[30m▩[0m[30m▩[0m[30m▩[0m[30m▩[0m
[30m▩[0m[30m▩[0m[30m▩[0m[30m▩[0m[30m▩[0m[30m▩[0m[30m▩[0m
[30m▩[0m[30m▩[0m[30m▩[0m[30m▩[0m[30m▩[0m[30m▩[0m[30m▩[0m
1) Set Area
2) Make Default Grid
3) Count Types
4) Set Type Color
5) Merge Nebula into Star
6) Blackhole Gravitational Pull
0) Quit

Choice:> Input area type 0) Empty 1) Planet 2) Star 3) Nebula 4) Black Hole:> 
Input location (x y):> 
[30m⦾[0m[30m★[0m[30m⛆[0m[30m▩[0m[30m▩[0m[30m▩[0m[30m▩[0m
[30m▩[0m[30m⯄[0m[30m▩[0m[30m▩[0m[30m▩[0m[30m▩[0m[30m▩[0m
[30m⯄[0m[30m▩[0m[30m▩[0m[30m▩[0m[30m▩[0m[30m▩[0m[30m▩[0m
[30m▩[0m[30m▩[0m[30m▩[0m[30m▩[0m[30m▩[0m[30m▩[0m[30m▩[0m
[30m▩[0m[30m▩[0m[30m▩[0m[30m▩[0m[30m▩[0m[30m▩[0m[30m▩[0m
1) Set Area
2) Make Default Grid
3) Count Types
4) Set Type Color
5) Merge Nebula into Star
6) Blackhole Gravitational Pull
0) Quit

Choice:> [30m▩[0m[30m▩[0m[30m▩[0m[30m▩[0m[30m▩[0m[30m▩[0m[30m▩[0m
[30m▩[0m[30m⯄[0m[30m▩[0m[30m▩[0m[30m▩[0m[30m▩[0m[30m▩[0m
[30m⯄[0m[30m▩[0m[30m▩[0m[30m▩[0m[30m▩[0m[30m▩[0m[30m▩[0m
[30m▩[0m[30m▩[0m[30m▩[0m[30m▩[0m[30m▩[0m[30m▩[0m[30m▩[0m
[30m▩[0m[30m▩[0m[30m▩[0m[30m▩[0m[30m▩[0m[30m▩[0m[30m▩[0m
1) Set Area
2) Make Default Grid
3) Count Types
4) Set Type Color
5) Merge Nebula into Star
6) Blackhole Gravitational Pull
0) Quit

Choice:> [30m▩[0m[30m▩[0m[30m▩[0m[30m▩[0m[30m▩[0m[30m▩[0m[30m▩[0m
[30m▩[0m[30m⯄[0m[30m▩[0m[30m▩[0m[30m▩[0m[30m▩[0m[30m▩[0m
[30m⯄[0m[30m▩[0m[30m▩[0m[30m▩[0m[30m▩[0m[30m▩[0m[30m▩[0m
[30m▩[0m[30m▩[0m[30m▩[0m[30m▩[0m[30m▩[0m[30m▩[0m[30m▩[0m
[30m▩[0m[30m▩[0m[30m▩[0m[30m▩[0m[30m▩[0m[30m▩[0m[30m▩[0m
1) Set Area
2) Make Default Grid
3) Count Types
4) Set Type Color
5) Merge Nebula into Star
6) Blackhole Gravitational Pull
0) Quit

Choice:> Input area type 0) Empty 1) Planet 2) Star 3) Nebula 4) Black Hole:> 
Input location (x y):> 
[30m▩[0m[30m▩[0m[30m▩[0m[30m▩[0m[30m▩[0m[30m▩[0m[30m▩[0m
[30m▩[0m[30m▩[0m[30m▩[0m[30m▩[0m[30m▩[0m[30m▩[0m[30m▩[0m
[30m⯄[0m[30m▩[0m[30m▩[0m[30m▩[0m[30m▩[0m[30m▩[0m[30m▩[0m
[30m▩[0m[30m▩[0m[30m▩[0m[30m▩[0m[30m▩[0m[30m▩[0m[30m▩[0m
[30m▩[0m[30m▩[0m[30m▩[0m[30m▩[0m[30m▩[0m[30m▩[0m[30m▩[0m
1) Set Area
2) Make Default Grid
3) Count Types
4) Set Type Color
5) Merge Nebula into Star
6) Blackhole Gravitational Pull
0) Quit

Choice:> Input area type 0) Empty 1) Planet 2) Star 3) Nebula 4) Black Hole:> 
Input location (x y):> 
[30m▩[0m[30m▩[0m[30m▩[0m[30m▩[0m[30m▩[0m[30m▩[0m[30m▩[0m
[30m▩[0m[30m▩[0m[30m▩[0m[30m▩[0m[30m▩[0m[30m▩[0m[30m▩[0m
[30m▩[0m[30m▩[0m[30m▩[0m[30m▩[0m[30m▩[0m[30m▩[0m[30m▩[0m
[30m▩[0m[30m▩[0m[30m▩[0m[30m▩[0m[30m▩[0m[30m▩[0m[30m▩[0m
[30m▩[0m[30m▩[0m[30m▩[0m[30m▩[0m[30m▩[0m[30m▩[0m[30m▩[0m
1) Set Area
2) Make Default Grid
3) Count Types
4) Set Type Color
5) Merge Nebula into Star
6) Blackhole Gravitational Pull
0) Quit

Choice:> Input area type 0) Empty 1) Planet 2) Star 3) Nebula 4) Black Hole:> 
Input location (x y):> 
[30m▩[0m[30m▩[0m[30m▩[0m[30m▩[0m[30m▩[0m[30m▩[0m[30m▩[0m
[30m▩[0m[30m▩[0m[30m▩[0m[30m▩[0m[30m▩[0m[30m▩[0m[30m▩[0m
[30m▩[0m[30m▩[0m[30m⯄[0m[30m▩[0m[30m▩[0m[30m▩[0m[30m▩[0m
[30m▩[0m[30m▩[0m[30m▩[0m[30m▩[0m[30m▩[0m[30m▩[0m[30m▩[0m
[30m▩[0m[30m▩[0m[30m▩[0m[30m▩[0m[30m▩[0m[30m▩[0m[30m▩[0m
1) Set Area
2) Make Default Grid
3) Count Types
4) Set Type Color
5) Merge Nebula into Star
6) Blackhole Gravitational Pull
0) Quit

Choice:> Input area type 0) Empty 1) Planet 2) Star 3) Nebula 4) Black Hole:> 
Input location (x y):> 
[30m⦾[0m[30m▩[0m[30m▩[0m[30m▩[0m[30m▩[0m[30m▩[0m[30m▩[0m
[30m▩[0m[30m▩[0m[30m▩[0m[30m▩[0m[30m▩[0m[30m▩[0m[30m▩[0m
[30m▩[0m[30m▩[0m[30m⯄[0m[30m▩[0m[30m▩[0m[30m▩[0m[30m▩[0m
[30m▩[0m[30m▩[0m[30m▩[0m[30m▩[0m[30m▩[0m[30m▩[0m[30m▩[0m
[30m▩[0m[30m▩[0m[30m▩[0m[30m▩[0m[30m▩[0m[30m▩[0m[30m▩[0m
1) Set Area
2) Make Default Grid
3) Count Types
4) Set Type Color
5) Merge Nebula into Star
6) Blackhole Gravitational Pull
0) Quit

Choice:> Input area type 0) Empty 1) Planet 2) Star 3) Nebula 4) Black Hole:> 
Input location (x y):> 
[30m⦾[0m[30m★[0m[30m▩[0m[30m▩[0m[30m▩[0m[30m▩[0m[30m▩[0m
[30m▩[0m[30m▩[0m[30m▩[0m[30m▩[0m[30m▩[0m[30m▩[0m[30m▩[0m
[30m▩[0m[30m▩[0m[30m⯄[0m[30m▩[0m[30m▩[0m[30m▩[0m[30m▩[0m
[30m▩[0m[30m▩[0m[30m▩[0m[30m▩[0m[30m▩[0m[30m▩[0m[30m▩[0m
[30m▩[0m[30m▩[0m[30m▩[0m[30m▩[0m[30m▩[0m[30m▩[0m[30m▩[0m
1) Set Area
2) Make Default Grid
3) Count Types
4) Set Type Color
5) Merge Nebula into Star
6) Blackhole Gravitational Pull
0) Quit

Choice:> Input area type 0) Empty 1) Planet 2) Star 3) Nebula 4) Black Hole:> 
Input location (x y):> 
[30m⦾[0m[30m★[0m[30m★[0m[30m▩[0m[30m▩[0m[30m▩[0m[30m▩[0m
[30m▩[0m[30m▩[0m[30m▩[0m[30m▩[0m[30m▩[0m[30m▩[0m[30m▩[0m
[30m▩[0m[30m▩[0m[30m⯄[0m[30m▩[0m[30m▩[0m[30m▩[0m[30m▩[0m
[30m▩[0m[30m▩[0m[30m▩[0m[30m▩[0m[30m▩[0m[30m▩[0m[30m▩[0m
[30m▩[0m[30m▩[0m[30m▩[0m[30m▩[0m[30m▩[0m[30m▩[0m[30m▩[0m
1) Set Area
2) Make Default Grid
3) Count Types
4) Set Type Color
5) Merge Nebula into Star
6) Blackhole Gravitational Pull
0) Quit

Choice:> Input area type 0) Empty 1) Planet 2) Star 3) Nebula 4) Black Hole:> 
Input location (x y):> 
[30m⦾[0m[30m★[0m[30m★[0m[30m⛆[0m[30m▩[0m[30m▩[0m[30m▩[0m
[30m▩[0m[30m▩[0m[30m▩[0m[30m▩[0m[30m▩[0m[30m▩[0m[30m▩[0m
[30m▩[0m[30m▩[0m[30m⯄[0m[30m▩[0m[30m▩[0m[30m▩[0m[30m▩[0m
[30m▩[0m[30m▩[0m[30m▩[0m[30m▩[0m[30m▩[0m[30m▩[0m[30m▩[0m
[30m▩[0m[30m▩[0m[30m▩[0m[30m▩[0m[30m▩[0m[30m▩[0m[30m▩[0m
1) Set Area
2) Make Default Grid
3) Count Types
4) Set Type Color
5) Merge Nebula into Star
6) Blackhole Gravitational Pull
0) Quit

Choice:> Input area type 0) Empty 1) Planet 2) Star 3) Nebula 4) Black Hole:> 
Input location (x y):> 
[30m⦾[0m[30m★[0m[30m★[0m[30m⛆[0m[30m⛆[0m[30m▩[0m[30m▩[0m
[30m▩[0m[30m▩[0m[30m▩[0m[30m▩[0m[30m▩[0m[30m▩[0m[30m▩[0m
[30m▩[0m[30m▩[0m[30m⯄[0m[30m▩[0m[30m▩[0m[30m▩[0m[30m▩[0m
[30m▩[0m[30m▩[0m[30m▩[0m[30m▩[0m[30m▩[0m[30m▩[0m[30m▩[0m
[30m▩[0m[30m▩[0m[30m▩[0m[30m▩[0m[30m▩[0m[30m▩[0m[30m▩[0m
1) Set Area
2) Make Default Grid
3) Count Types
4) Set Type Color
5) Merge Nebula into Star
6) Blackhole Gravitational Pull
0) Quit

Choice:> Input area type 0) Empty 1) Planet 2) Star 3) Nebula 4) Black Hole:> 
Input location (x y):> 
[30m⦾[0m[30m★[0m[30m★[0m[30m⛆[0m[30m⛆[0m[30m▩[0m[30m▩[0m
[30m▩[0m[30m▩[0m[30m▩[0m[30m▩[0m[30m▩[0m[30m▩[0m[30m▩[0m
[30m▩[0m[30m▩[0m[30m⯄[0m[30m▩[0m[30m▩[0m[30m▩[0m[30m▩[0m
[30m▩[0m[30m▩[0m[30m▩[0m[30m▩[0m[30m▩[0m[30m▩[0m[30m▩[0m
[30m▩[0m[30m▩[0m[30m⯄[0m[30m▩[0m[30m▩[0m[30m▩[0m[30m▩[0m
1) Set Area
2) Make Default Grid
3) Count Types
4) Set Type Color
5) Merge Nebula into Star
6) Blackhole Gravitational Pull
0) Quit

Choice:> Input area type 0) Empty 1) Planet 2) Star 3) Nebula 4) Black Hole:> 
Input location (x y):> 
[30m⦾[0m[30m★[0m[30m★[0m[30m⛆[0m[30m⛆[0m[30m▩[0m[30m▩[0m
[30m▩[0m[30m▩[0m[30m▩[0m[30m▩[0m[30m▩[0m[30m▩[0m[30m▩[0m
[30m▩[0m[30m▩[0m[30m⯄[0m[30m▩[0m[30m▩[0m[30m▩[0m[30m▩[0m
[30m▩[0m[30m▩[0m[30m▩[0m[30m▩[0m[30m▩[0m[30m▩[0m[30m▩[0m
[30m▩[0m[30m▩[0m[30m⯄[0m[30m⯄[0m[30m▩[0m[30m▩[0m[30m▩[0m
1) Set Area
2) Make Default Grid
3) Count Types
4) Set Type Color
5) Merge Nebula into Star
6) Blackhole Gravitational Pull
0) Quit

Choice:> [30m▩[0m[30m★[0m[30m▩[0m[30m⛆[0m[30m▩[0m[30m▩[0m[30m▩[0m
[30m▩[0m[30m⦾[0m[30m★[0m[30m⛆[0m[30m▩[0m[30m▩[0m[30m▩[0m
[30m▩[0m[30m▩[0m[30m⯄[0m[30m▩[0m[30m▩[0m[30m▩[0m[30m▩[0m
[30m▩[0m[30m▩[0m[30m▩[0m[30m▩[0m[30m▩[0m[30m▩[0m[30m▩[0m
[30m▩[0m[30m▩[0m[30m⯄[0m[30m⯄[0m[30m▩[0m[30m▩[0m[30m▩[0m
1) Set Area
2) Make Default Grid
3) Count Types
4) Set Type Color
5) Merge Nebula into Star
6) Blackhole Gravitational Pull
0) Quit

Choice:> [30m▩[0m[30m★[0m[30m▩[0m[30m⛆[0m[30m▩[0m[30m▩[0m[30m▩[0m
[30m▩[0m[30m▩[0m[30m▩[0m[30m▩[0m[30m▩[0m[30m▩[0m[30m▩[0m
[30m▩[0m[30m▩[0m[30m⯄[0m[30m▩[0m[30m▩[0m[30m▩[0m[30m▩[0m
[30m▩[0m[30m▩[0m[30m▩[0m[30m▩[0m[30m▩[0m[30m▩[0m[30m▩[0m
[30m▩[0m[30m▩[0m[30m⯄[0m[30m⯄[0m[30m▩[0m[30m▩[0m[30m▩[0m
1) Set Area
2) Make Default Grid
3) Count Types
4) Set Type Color
5) Merge Nebula into Star
6) Blackhole Gravitational Pull
0) Quit

Choice:> [30m▩[0m[30m★[0m[30m▩[0m[30m⛆[0m[30m▩[0m[30m▩[0m[30m▩[0m
[30m▩[0m[30m▩[0m[30m▩[0m[30m▩[0m[30m▩[0m[30m▩[0m[30m▩[0m
[30m▩[0m[30m▩[0m[30m⯄[0m[30m▩[0m[30m▩[0m[30m▩[0m[30m▩[0m
[30m▩[0m[30m▩[0m[30m▩[0m[30m▩[0m[30m▩[0m[30m▩[0m[30m▩[0m
[30m▩[0m[30m▩[0m[30m⯄[0m[30m⯄[0m[30m▩[0m[30m▩[0m[30m▩[0m
1) Set Area
2) Make Default Grid
3) Count Types
4) Set Type Color
5) Merge Nebula into Star
6) Blackhole Gravitational Pull
0) Quit

Choice:> [30m★[0m[30m▩[0m[30m⛆[0m[30m⦾[0m[30m▩[0m[30m▩[0m[30m▩[0m
[30m▩[0m[30m⛆[0m[30m★[0m[30m⦾[0m[30m★[0m[30m▩[0m[30m★[0m
[30m⦾[0m[30m▩[0m[30m⯄[0m[30m★[0m[30m⦾[0m[30m▩[0m[30m⯄[0m
[30m⦾[0m[30m★[0m[30m⛆[0m[30m★[0m[30m⛆[0m[30m▩[0m[30m⯄[0m
[30m⯄[0m[30m★[0m[30m⛆[0m[30m▩[0m[30m★[0m[30m▩[0m[30m▩[0m
1) Set Area
2) Make Default Grid
3) Count Types
4) Set Type Color
5) Merge Nebula into Star
6) Blackhole Gravitational Pull
0) Quit

Choice:> [30m▩[0m[30m▩[0m[30m▩[0m[30m⦾[0m[30m▩[0m[30m▩[0m[30m▩[0m
[30m▩[0m[30m★[0m[30m⛆[0m[30m▩[0m[30m▩[0m[30m▩[0m[30m▩[0m
[30m▩[0m[30m⦾[0m[30m⯄[0m[30m⦾[0m[30m▩[0m[30m★[0m[30m⯄[0m
[30m▩[0m[30m▩[0m[30m⛆[0m[30m★[0m[30m▩[0m[30m⛆[0m[30m⯄[0m
[30m⯄[0m[30m▩[0m[30m▩[0m[30m▩[0m[30m▩[0m[30m▩[0m[30m▩[0m
1) Set Area
2) Make Default Grid
3) Count Types
4) Set Type Color
5) Merge Nebula into Star
6) Blackhole Gravitational Pull
0) Quit

Choice:> [30m▩[0m[30m▩[0m[30m▩[0m[30m⦾[0m[30m▩[0m[30m▩[0m[30m▩[0m
[30m▩[0m[30m▩[0m[30m▩[0m[30m▩[0m[30m▩[0m[30m▩[0m[30m▩[0m
[30m▩[0m[30m▩[0m[30m⯄[0m[30m▩[0m[30m▩[0m[30m▩[0m[30m⯄[0m
[30m▩[0m[30m▩[0m[30m▩[0m[30m▩[0m[30m▩[0m[30m▩[0m[30m⯄[0m
[30m⯄[0m[30m▩[0m[30m▩[0m[30m▩[0m[30m▩[0m[30m▩[0m[30m▩[0m
1) Set Area
2) Make Default Grid
3) Count Types
4) Set Type Color
5) Merge Nebula into Star
6) Blackhole Gravitational Pull
0) Quit

Choice:> [30m▩[0m[30m▩[0m[30m▩[0m[30m⦾[0m[30m▩[0m[30m▩[0m[30m▩[0m
[30m▩[0m[30m▩[0m[30m▩[0m[30m▩[0m[30m▩[0m[30m▩[0m[30m▩[0m
[30m▩[0m[30m▩[0m[30m⯄[0m[30m▩[0m[30m▩[0m[30m▩[0m[30m⯄[0m
[30m▩[0m[30m▩[0m[30m▩[0m[30m▩[0m[30m▩[0m[30m▩[0m[30m⯄[0m
[30m⯄[0m[30m▩[0m[30m▩[0m[30m▩[0m[30m▩[0m[30m▩[0m[30m▩[0m
1) Set Area
2) Make Default Grid
3) Count Types
4) Set Type Color
5) Merge Nebula into Star
6) Blackhole Gravitational Pull
0) Quit

Choice:> [30m★[0m[30m▩[0m[30m⛆[0m[30m⦾[0m[30m▩[0m[30m▩[0m[30m▩[0m
[30m▩[0m[30m⛆[0m[30m★[0m[30m⦾[0m[30m★[0m[30m▩[0m[30m★[0m
[30m⦾[0m[30m▩[0m[30m⯄[0m[30m★[0m[30m⦾[0m[30m▩[0m[30m⯄[0m
[30m⦾[0m[30m★[0m[30m⛆[0m[30m★[0m[30m⛆[0m[30m▩[0m[30m⯄[0m
[30m⯄[0m[30m★[0m[30m⛆[0m[30m▩[0m[30m★[0m[30m▩[0m[30m▩[0m
1) Set Area
2) Make Default Grid
3) Count Types
4) Set Type Color
5) Merge Nebula into Star
6) Blackhole Gravitational Pull
0) Quit

Choice:> Input area type 0) empty 1) pullable 2) black hole:> 
Input color 0) red 1) yellow 2) blue 3) green 4) black:>
[30m★[0m[34m▩[0m[30m⛆[0m[30m⦾[0m[34m▩[0m[34m▩[0m[34m▩[0m
[34m▩[0m[30m⛆[0m[30m★[0m[30m⦾[0m[30m★[0m[34m▩[0m[30m★[0m
[30m⦾[0m[34m▩[0m[30m⯄[0m[30m★[0m[30m⦾[0m[34m▩[0m[30m⯄[0m
[30m⦾[0m[30m★[0m[30m⛆[0m[30m★[0m[30m⛆[0m[34m▩[0m[30m⯄[0m
[30m⯄[0m[30m★[0m[30m⛆[0m[34m▩[0m[30m★[0m[34m▩[0m[34m▩[0m
1) Set Area
2) Make Default Grid
3) Count Types
4) Set Type Color
5) Merge Nebula into Star
6) Blackhole Gravitational Pull
0) Quit

Choice:> Input area type 0) empty 1) pullable 2) black hole:> 
Input color 0) red 1) yellow 2) blue 3) green 4) black:>
[31m★[0m[34m▩[0m[31m⛆[0m[31m⦾[0m[34m▩[0m[34m▩[0m[34m▩[0m
[34m▩[0m[31m⛆[0m[31m★[0m[31m⦾[0m[31m★[0m[34m▩[0m[31m★[0m
[31m⦾[0m[34m▩[0m[30m⯄[0m[31m★[0m[31m⦾[0m[34m▩[0m[30m⯄[0m
[31m⦾[0m[31m★[0m[31m⛆[0m[31m★[0m[31m⛆[0m[34m▩[0m[30m⯄[0m
[30m⯄[0m[31m★[0m[31m⛆[0m[34m▩[0m[31m★[0m[34m▩[0m[34m▩[0m
1) Set Area
2) Make Default Grid
3) Count Types
4) Set Type Color
5) Merge Nebula into Star
6) Blackhole Gravitational Pull
0) Quit

Choice:> Input area type 0) empty 1) pullable 2) black hole:> 
Input color 0) red 1) yellow 2) blue 3) green 4) black:>
[31m★[0m[34m▩[0m[31m⛆[0m[31m⦾[0m[34m▩[0m[34m▩[0m[34m▩[0m
[34m▩[0m[31m⛆[0m[31m★[0m[31m⦾[0m[31m★[0m[34m▩[0m[31m★[0m
[31m⦾[0m[34m▩[0m[32m⯄[0m[31m★[0m[31m⦾[0m[34m▩[0m[32m⯄[0m
[31m⦾[0m[31m★[0m[31m⛆[0m[31m★[0m[31m⛆[0m[34m▩[0m[32m⯄[0m
[32m⯄[0m[31m★[0m[31m⛆[0m[34m▩[0m[31m★[0m[34m▩[0m[34m▩[0m
1) Set Area
2) Make Default Grid
3) Count Types
4) Set Type Color
5) Merge Nebula into Star
6) Blackhole Gravitational Pull
0) Quit

Choice:> [30m▩[0m[34m▩[0m[30m▩[0m[31m⦾[0m[34m▩[0m[34m▩[0m[34m▩[0m
[34m▩[0m[31m★[0m[31m⛆[0m[30m▩[0m[30m▩[0m[34m▩[0m[30m▩[0m
[30m▩[0m[31m⦾[0m[32m⯄[0m[31m⦾[0m[30m▩[0m[31m★[0m[32m⯄[0m
[30m▩[0m[30m▩[0m[31m⛆[0m[31m★[0m[30m▩[0m[31m⛆[0m[32m⯄[0m
[32m⯄[0m[30m▩[0m[30m▩[0m[34m▩[0m[30m▩[0m[34m▩[0m[34m▩[0m
1) Set Area
2) Make Default Grid
3) Count Types
4) Set Type Color
5) Merge Nebula into Star
6) Blackhole Gravitational Pull
0) Quit

Choice:> [30m▩[0m[34m▩[0m[30m▩[0m[31m⦾[0m[34m▩[0m[34m▩[0m[34m▩[0m
[34m▩[0m[30m▩[0m[30m▩[0m[30m▩[0m[30m▩[0m[34m▩[0m[30m▩[0m
[30m▩[0m[30m▩[0m[32m⯄[0m[30m▩[0m[30m▩[0m[30m▩[0m[32m⯄[0m
[30m▩[0m[30m▩[0m[30m▩[0m[30m▩[0m[30m▩[0m[30m▩[0m[32m⯄[0m
[32m⯄[0m[30m▩[0m[30m▩[0m[34m▩[0m[30m▩[0m[34m▩[0m[34m▩[0m
1) Set Area
2) Make Default Grid
3) Count Types
4) Set Type Color
5) Merge Nebula into Star
6) Blackhole Gravitational Pull
0) Quit

Choice:> [30m▩[0m[34m▩[0m[30m▩[0m[31m⦾[0m[34m▩[0m[34m▩[0m[34m▩[0m
[34m▩[0m[30m▩[0m[30m▩[0m[30m▩[0m[30m▩[0m[34m▩[0m[30m▩[0m
[30m▩[0m[30m▩[0m[32m⯄[0m[30m▩[0m[30m▩[0m[30m▩[0m[32m⯄[0m
[30m▩[0m[30m▩[0m[30m▩[0m[30m▩[0m[30m▩[0m[30m▩[0m[32m⯄[0m
[32m⯄[0m[30m▩[0m[30m▩[0m[34m▩[0m[30m▩[0m[34m▩[0m[34m▩[0m
1) Set Area
2) Make Default Grid
3) Count Types
4) Set Type Color
5) Merge Nebula into Star
6) Blackhole Gravitational Pull
0) Quit

Choice:> 